cpu-bind=MASK - nlpgpu10, task  0  0 [63346]: mask 0xf0000000f set
/nlpgpu/data/miaom/openpi-metaworld/.venv/lib/python3.11/site-packages/gymnasium/utils/passive_env_checker.py:35: UserWarning: [33mWARN: A Box observation space maximum and minimum values are equal.[0m
  logger.warn("A Box observation space maximum and minimum values are equal.")
/nlpgpu/data/miaom/openpi-metaworld/.venv/lib/python3.11/site-packages/gymnasium/utils/passive_env_checker.py:35: UserWarning: [33mWARN: A Box observation space maximum and minimum values are equal.[0m
  logger.warn("A Box observation space maximum and minimum values are equal.")
/nlpgpu/data/miaom/openpi-metaworld/.venv/lib/python3.11/site-packages/gymnasium/utils/passive_env_checker.py:35: UserWarning: [33mWARN: A Box observation space maximum and minimum values are equal.[0m
  logger.warn("A Box observation space maximum and minimum values are equal.")
/nlpgpu/data/miaom/openpi-metaworld/.venv/lib/python3.11/site-packages/gymnasium/utils/passive_env_checker.py:35: UserWarning: [33mWARN: A Box observation space maximum and minimum values are equal.[0m
  logger.warn("A Box observation space maximum and minimum values are equal.")
/nlpgpu/data/miaom/openpi-metaworld/.venv/lib/python3.11/site-packages/gymnasium/utils/passive_env_checker.py:35: UserWarning: [33mWARN: A Box observation space maximum and minimum values are equal.[0m
  logger.warn("A Box observation space maximum and minimum values are equal.")
/nlpgpu/data/miaom/openpi-metaworld/.venv/lib/python3.11/site-packages/gymnasium/utils/passive_env_checker.py:35: UserWarning: [33mWARN: A Box observation space maximum and minimum values are equal.[0m
  logger.warn("A Box observation space maximum and minimum values are equal.")
/nlpgpu/data/miaom/openpi-metaworld/.venv/lib/python3.11/site-packages/gymnasium/utils/passive_env_checker.py:35: UserWarning: [33mWARN: A Box observation space maximum and minimum values are equal.[0m
  logger.warn("A Box observation space maximum and minimum values are equal.")
/nlpgpu/data/miaom/openpi-metaworld/.venv/lib/python3.11/site-packages/gymnasium/utils/passive_env_checker.py:35: UserWarning: [33mWARN: A Box observation space maximum and minimum values are equal.[0m
  logger.warn("A Box observation space maximum and minimum values are equal.")
/nlpgpu/data/miaom/openpi-metaworld/.venv/lib/python3.11/site-packages/gymnasium/utils/passive_env_checker.py:35: UserWarning: [33mWARN: A Box observation space maximum and minimum values are equal.[0m
  logger.warn("A Box observation space maximum and minimum values are equal.")
/nlpgpu/data/miaom/openpi-metaworld/.venv/lib/python3.11/site-packages/gymnasium/utils/passive_env_checker.py:35: UserWarning: [33mWARN: A Box observation space maximum and minimum values are equal.[0m
  logger.warn("A Box observation space maximum and minimum values are equal.")
/nlpgpu/data/miaom/openpi-metaworld/.venv/lib/python3.11/site-packages/gymnasium/utils/passive_env_checker.py:35: UserWarning: [33mWARN: A Box observation space maximum and minimum values are equal.[0m
  logger.warn("A Box observation space maximum and minimum values are equal.")
/nlpgpu/data/miaom/openpi-metaworld/.venv/lib/python3.11/site-packages/gymnasium/utils/passive_env_checker.py:35: UserWarning: [33mWARN: A Box observation space maximum and minimum values are equal.[0m
  logger.warn("A Box observation space maximum and minimum values are equal.")
/nlpgpu/data/miaom/openpi-metaworld/.venv/lib/python3.11/site-packages/gymnasium/utils/passive_env_checker.py:35: UserWarning: [33mWARN: A Box observation space maximum and minimum values are equal.[0m
  logger.warn("A Box observation space maximum and minimum values are equal.")
/nlpgpu/data/miaom/openpi-metaworld/.venv/lib/python3.11/site-packages/gymnasium/utils/passive_env_checker.py:35: UserWarning: [33mWARN: A Box observation space maximum and minimum values are equal.[0m
  logger.warn("A Box observation space maximum and minimum values are equal.")
/nlpgpu/data/miaom/openpi-metaworld/.venv/lib/python3.11/site-packages/gymnasium/utils/passive_env_checker.py:35: UserWarning: [33mWARN: A Box observation space maximum and minimum values are equal.[0m
  logger.warn("A Box observation space maximum and minimum values are equal.")
/nlpgpu/data/miaom/openpi-metaworld/.venv/lib/python3.11/site-packages/gymnasium/utils/passive_env_checker.py:35: UserWarning: [33mWARN: A Box observation space maximum and minimum values are equal.[0m
  logger.warn("A Box observation space maximum and minimum values are equal.")
/nlpgpu/data/miaom/openpi-metaworld/.venv/lib/python3.11/site-packages/gymnasium/utils/passive_env_checker.py:158: UserWarning: [33mWARN: The obs returned by the `reset()` method is not within the observation space.[0m
  logger.warn(f"{pre} is not within the observation space.")
/nlpgpu/data/miaom/openpi-metaworld/.venv/lib/python3.11/site-packages/gymnasium/utils/passive_env_checker.py:158: UserWarning: [33mWARN: The obs returned by the `reset()` method is not within the observation space.[0m
  logger.warn(f"{pre} is not within the observation space.")
/nlpgpu/data/miaom/openpi-metaworld/.venv/lib/python3.11/site-packages/gymnasium/utils/passive_env_checker.py:158: UserWarning: [33mWARN: The obs returned by the `reset()` method is not within the observation space.[0m
  logger.warn(f"{pre} is not within the observation space.")
/nlpgpu/data/miaom/openpi-metaworld/.venv/lib/python3.11/site-packages/gymnasium/utils/passive_env_checker.py:158: UserWarning: [33mWARN: The obs returned by the `reset()` method is not within the observation space.[0m
  logger.warn(f"{pre} is not within the observation space.")
/nlpgpu/data/miaom/openpi-metaworld/.venv/lib/python3.11/site-packages/gymnasium/utils/passive_env_checker.py:158: UserWarning: [33mWARN: The obs returned by the `reset()` method is not within the observation space.[0m
  logger.warn(f"{pre} is not within the observation space.")
/nlpgpu/data/miaom/openpi-metaworld/.venv/lib/python3.11/site-packages/gymnasium/utils/passive_env_checker.py:158: UserWarning: [33mWARN: The obs returned by the `reset()` method is not within the observation space.[0m
  logger.warn(f"{pre} is not within the observation space.")
/nlpgpu/data/miaom/openpi-metaworld/.venv/lib/python3.11/site-packages/gymnasium/utils/passive_env_checker.py:158: UserWarning: [33mWARN: The obs returned by the `reset()` method is not within the observation space.[0m
  logger.warn(f"{pre} is not within the observation space.")
/nlpgpu/data/miaom/openpi-metaworld/.venv/lib/python3.11/site-packages/gymnasium/utils/passive_env_checker.py:158: UserWarning: [33mWARN: The obs returned by the `reset()` method is not within the observation space.[0m
  logger.warn(f"{pre} is not within the observation space.")
/nlpgpu/data/miaom/openpi-metaworld/.venv/lib/python3.11/site-packages/gymnasium/utils/passive_env_checker.py:158: UserWarning: [33mWARN: The obs returned by the `reset()` method is not within the observation space.[0m
  logger.warn(f"{pre} is not within the observation space.")
/nlpgpu/data/miaom/openpi-metaworld/.venv/lib/python3.11/site-packages/gymnasium/utils/passive_env_checker.py:158: UserWarning: [33mWARN: The obs returned by the `reset()` method is not within the observation space.[0m
  logger.warn(f"{pre} is not within the observation space.")
/nlpgpu/data/miaom/openpi-metaworld/.venv/lib/python3.11/site-packages/gymnasium/utils/passive_env_checker.py:158: UserWarning: [33mWARN: The obs returned by the `reset()` method is not within the observation space.[0m
  logger.warn(f"{pre} is not within the observation space.")
/nlpgpu/data/miaom/openpi-metaworld/.venv/lib/python3.11/site-packages/gymnasium/utils/passive_env_checker.py:158: UserWarning: [33mWARN: The obs returned by the `reset()` method is not within the observation space.[0m
  logger.warn(f"{pre} is not within the observation space.")
/nlpgpu/data/miaom/openpi-metaworld/.venv/lib/python3.11/site-packages/gymnasium/utils/passive_env_checker.py:158: UserWarning: [33mWARN: The obs returned by the `reset()` method is not within the observation space.[0m
  logger.warn(f"{pre} is not within the observation space.")
/nlpgpu/data/miaom/openpi-metaworld/.venv/lib/python3.11/site-packages/gymnasium/utils/passive_env_checker.py:158: UserWarning: [33mWARN: The obs returned by the `reset()` method is not within the observation space.[0m
  logger.warn(f"{pre} is not within the observation space.")
/nlpgpu/data/miaom/openpi-metaworld/.venv/lib/python3.11/site-packages/gymnasium/utils/passive_env_checker.py:158: UserWarning: [33mWARN: The obs returned by the `reset()` method is not within the observation space.[0m
  logger.warn(f"{pre} is not within the observation space.")
Traceback (most recent call last):
  File "/mnt/nlpgpu-io1/data/miaom/openpi-metaworld/experiments/conceptor_steering.py", line 1098, in <module>
    main(args)
  File "/mnt/nlpgpu-io1/data/miaom/openpi-metaworld/experiments/conceptor_steering.py", line 1087, in main
    run_full_experiment(task, env_splits, policy, args, output_dir, device=device)
  File "/mnt/nlpgpu-io1/data/miaom/openpi-metaworld/experiments/conceptor_steering.py", line 888, in run_full_experiment
    baseline = run_episode(
               ^^^^^^^^^^^^
  File "/mnt/nlpgpu-io1/data/miaom/openpi-metaworld/experiments/conceptor_steering.py", line 519, in run_episode
    result = policy.infer(obs_dict)
             ^^^^^^^^^^^^^^^^^^^^^^
  File "/mnt/nlpgpu-io1/data/miaom/openpi-metaworld/src/openpi/policies/policy.py", line 150, in infer
    return self.infer_batched(obs, noise=noise)
           ^^^^^^^^^^^^^^^^^^^^^^^^^^^^^^^^^^^^
  File "/mnt/nlpgpu-io1/data/miaom/openpi-metaworld/src/openpi/policies/policy.py", line 129, in infer_batched
    "actions": self._sample_actions(sample_rng_or_pytorch_device, observation, **sample_kwargs),
               ^^^^^^^^^^^^^^^^^^^^^^^^^^^^^^^^^^^^^^^^^^^^^^^^^^^^^^^^^^^^^^^^^^^^^^^^^^^^^^^^
  File "/nlpgpu/data/miaom/openpi-metaworld/.venv/lib/python3.11/site-packages/torch/_dynamo/eval_frame.py", line 655, in _fn
    return fn(*args, **kwargs)
           ^^^^^^^^^^^^^^^^^^^
  File "/nlpgpu/data/miaom/openpi-metaworld/.venv/lib/python3.11/site-packages/torch/_dynamo/external_utils.py", line 70, in inner
    return fn(*args, **kwargs)
           ^^^^^^^^^^^^^^^^^^^
  File "/nlpgpu/data/miaom/openpi-metaworld/.venv/lib/python3.11/site-packages/torch/utils/_contextlib.py", line 116, in decorate_context
    return func(*args, **kwargs)
           ^^^^^^^^^^^^^^^^^^^^^
  File "/mnt/nlpgpu-io1/data/miaom/openpi-metaworld/src/openpi/models_pytorch/pi0_pytorch.py", line 424, in sample_actions
    _, past_key_values = self.paligemma_with_expert.forward(
                         ^^^^^^^^^^^^^^^^^^^^^^^^^^^^^^^^^^^
  File "/mnt/nlpgpu-io1/data/miaom/openpi-metaworld/src/openpi/models_pytorch/gemma_pytorch.py", line 103, in forward
    prefix_output = self.paligemma.language_model.forward(
                    ^^^^^^^^^^^^^^^^^^^^^^^^^^^^^^^^^^^^^^
  File "/nlpgpu/data/miaom/openpi-metaworld/.venv/lib/python3.11/site-packages/transformers/utils/generic.py", line 943, in wrapper
    output = func(self, *args, **kwargs)
             ^^^^^^^^^^^^^^^^^^^^^^^^^^^
  File "/nlpgpu/data/miaom/openpi-metaworld/.venv/lib/python3.11/site-packages/transformers/models/gemma/modeling_gemma.py", line 526, in forward
    layer_outputs = decoder_layer(
                    ^^^^^^^^^^^^^^
  File "/nlpgpu/data/miaom/openpi-metaworld/.venv/lib/python3.11/site-packages/transformers/modeling_layers.py", line 83, in __call__
    return super().__call__(*args, **kwargs)
           ^^^^^^^^^^^^^^^^^^^^^^^^^^^^^^^^^
  File "/nlpgpu/data/miaom/openpi-metaworld/.venv/lib/python3.11/site-packages/torch/nn/modules/module.py", line 1751, in _wrapped_call_impl
    return self._call_impl(*args, **kwargs)
           ^^^^^^^^^^^^^^^^^^^^^^^^^^^^^^^^
  File "/nlpgpu/data/miaom/openpi-metaworld/.venv/lib/python3.11/site-packages/torch/nn/modules/module.py", line 1762, in _call_impl
    return forward_call(*args, **kwargs)
           ^^^^^^^^^^^^^^^^^^^^^^^^^^^^^
  File "/nlpgpu/data/miaom/openpi-metaworld/.venv/lib/python3.11/site-packages/transformers/models/gemma/modeling_gemma.py", line 361, in forward
    hidden_states, self_attn_weights = self.self_attn(
                                       ^^^^^^^^^^^^^^^
  File "/nlpgpu/data/miaom/openpi-metaworld/.venv/lib/python3.11/site-packages/torch/nn/modules/module.py", line 1751, in _wrapped_call_impl
    return self._call_impl(*args, **kwargs)
           ^^^^^^^^^^^^^^^^^^^^^^^^^^^^^^^^
  File "/nlpgpu/data/miaom/openpi-metaworld/.venv/lib/python3.11/site-packages/torch/nn/modules/module.py", line 1762, in _call_impl
    return forward_call(*args, **kwargs)
           ^^^^^^^^^^^^^^^^^^^^^^^^^^^^^
  File "/nlpgpu/data/miaom/openpi-metaworld/.venv/lib/python3.11/site-packages/transformers/models/gemma/modeling_gemma.py", line 316, in forward
    attn_output, attn_weights = attention_interface(
                                ^^^^^^^^^^^^^^^^^^^^
  File "/nlpgpu/data/miaom/openpi-metaworld/.venv/lib/python3.11/site-packages/transformers/models/gemma/modeling_gemma.py", line 248, in eager_attention_forward
    attn_weights = nn.functional.softmax(attn_weights, dim=-1, dtype=torch.float32).to(query.dtype)
                   ^^^^^^^^^^^^^^^^^^^^^^^^^^^^^^^^^^^^^^^^^^^^^^^^^^^^^^^^^^^^^^^^^^^^^^^^^^^^^^^^
torch.OutOfMemoryError: CUDA out of memory. Tried to allocate 216.00 MiB. GPU 0 has a total capacity of 47.43 GiB of which 171.06 MiB is free. Including non-PyTorch memory, this process has 44.19 GiB memory in use. Of the allocated memory 8.10 GiB is allocated by PyTorch, and 191.21 MiB is reserved by PyTorch but unallocated. If reserved but unallocated memory is large try setting PYTORCH_CUDA_ALLOC_CONF=expandable_segments:True to avoid fragmentation.  See documentation for Memory Management  (https://pytorch.org/docs/stable/notes/cuda.html#environment-variables)
